<?xml version="1.0" encoding="UTF-8"?>
<testng-results skipped="0" failed="0" ignored="0" total="1" passed="1">
  <reporter-output>
  </reporter-output>
  <suite name="Default suite" duration-ms="19728" started-at="2021-01-16T23:10:05Z" finished-at="2021-01-16T23:10:25Z">
    <groups>
    </groups>
    <test name="Default test" duration-ms="19728" started-at="2021-01-16T23:10:05Z" finished-at="2021-01-16T23:10:25Z">
      <class name="testcases.TC001">
        <test-method status="PASS" signature="meth()[pri:0, instance:testcases.TC001@25b485ba]" name="meth" duration-ms="19688" started-at="2021-01-16T18:10:05Z" finished-at="2021-01-16T18:10:25Z">
          <reporter-output>
          </reporter-output>
        </test-method> <!-- meth -->
      </class> <!-- testcases.TC001 -->
    </test> <!-- Default test -->
  </suite> <!-- Default suite -->
</testng-results>
